Performing C++ SOURCE FILE Test COMPILER_HAS_DEPRECATED_ATTR failed with the following output:
Change Dir: C:/Users/ngovi/Desktop/windows-pwn/build/CMakeFiles/CMakeScratch/TryCompile-igtka6

Run Build Command(s):C:/Program Files/Microsoft Visual Studio/2022/Enterprise/MSBuild/Current/Bin/amd64/MSBuild.exe cmTC_c0bdc.vcxproj /p:Configuration=Debug /p:Platform=x64 /p:VisualStudioVersion=17.0 /v:m && MSBuild version 17.5.1+f6fdcf537 for .NET Framework

  Microsoft (R) C/C++ Optimizing Compiler Version 19.35.32216.1 for x64
  src.cxx
C:\Users\ngovi\Desktop\windows-pwn\build\CMakeFiles\CMakeScratch\TryCompile-igtka6\src.cxx(1,16): error C2065: '__deprecated__': undeclared identifier [C:\Users\ngovi\Desktop\windows-pwn\build\CMakeFiles\CMakeScratch\TryCompile-igtka6\cmTC_c0bdc.vcxproj]
C:\Users\ngovi\Desktop\windows-pwn\build\CMakeFiles\CMakeScratch\TryCompile-igtka6\src.cxx(1,31): error C4430: missing type specifier - int assumed. Note: C++ does not support default-int [C:\Users\ngovi\Desktop\windows-pwn\build\CMakeFiles\CMakeScratch\TryCompile-igtka6\cmTC_c0bdc.vcxproj]
C:\Users\ngovi\Desktop\windows-pwn\build\CMakeFiles\CMakeScratch\TryCompile-igtka6\src.cxx(1,33): error C2062: type 'int' unexpected [C:\Users\ngovi\Desktop\windows-pwn\build\CMakeFiles\CMakeScratch\TryCompile-igtka6\cmTC_c0bdc.vcxproj]
C:\Users\ngovi\Desktop\windows-pwn\build\CMakeFiles\CMakeScratch\TryCompile-igtka6\src.cxx(1,48): error C2143: syntax error: missing ';' before '{' [C:\Users\ngovi\Desktop\windows-pwn\build\CMakeFiles\CMakeScratch\TryCompile-igtka6\cmTC_c0bdc.vcxproj]
C:\Users\ngovi\Desktop\windows-pwn\build\CMakeFiles\CMakeScratch\TryCompile-igtka6\src.cxx(1,48): error C2447: '{': missing function header (old-style formal list?) [C:\Users\ngovi\Desktop\windows-pwn\build\CMakeFiles\CMakeScratch\TryCompile-igtka6\cmTC_c0bdc.vcxproj]
C:\Users\ngovi\Desktop\windows-pwn\build\CMakeFiles\CMakeScratch\TryCompile-igtka6\src.cxx(2,25): error C3861: 'somefunc': identifier not found [C:\Users\ngovi\Desktop\windows-pwn\build\CMakeFiles\CMakeScratch\TryCompile-igtka6\cmTC_c0bdc.vcxproj]
  Copyright (C) Microsoft Corporation.  All rights reserved.
  cl /c /Zi /W1 /WX- /diagnostics:column /Od /Ob0 /D _MBCS /D WIN32 /D _WINDOWS /D COMPILER_HAS_DEPRECATED_ATTR /D "CMAKE_INTDIR=\"Debug\"" /Gm- /EHsc /RTC1 /MDd /GS /fp:precise /Zc:wchar_t /Zc:forScope /Zc:inline /Fo"cmTC_c0bdc.dir\Debug\\" /Fd"cmTC_c0bdc.dir\Debug\vc143.pdb" /external:W1 /Gd /TP /errorReport:queue "C:\Users\ngovi\Desktop\windows-pwn\build\CMakeFiles\CMakeScratch\TryCompile-igtka6\src.cxx"


Source file was:
__attribute__((__deprecated__)) int somefunc() { return 0; }
    int main() { return somefunc();}

Checking whether the ASM_MASM compiler is GNU using "--version" did not match "(GNU assembler)|(GCC)|(Free Software Foundation)":
Microsoft (R) Macro Assembler (x64) Version 14.35.32216.1
Copyright (C) Microsoft Corporation.  All rights reserved.

MASM : warning A4018:invalid command-line option : --version
MASM : fatal error A1017:missing source filename
Checking whether the ASM_MASM compiler is Clang using "--version" did not match "(clang version)":
Microsoft (R) Macro Assembler (x64) Version 14.35.32216.1
Copyright (C) Microsoft Corporation.  All rights reserved.

MASM : warning A4018:invalid command-line option : --version
MASM : fatal error A1017:missing source filename
Checking whether the ASM_MASM compiler is AppleClang using "--version" did not match "(Apple LLVM version)":
Microsoft (R) Macro Assembler (x64) Version 14.35.32216.1
Copyright (C) Microsoft Corporation.  All rights reserved.

MASM : warning A4018:invalid command-line option : --version
MASM : fatal error A1017:missing source filename
Checking whether the ASM_MASM compiler is ARMClang using "--version" did not match "armclang":
Microsoft (R) Macro Assembler (x64) Version 14.35.32216.1
Copyright (C) Microsoft Corporation.  All rights reserved.

MASM : warning A4018:invalid command-line option : --version
MASM : fatal error A1017:missing source filename
Checking whether the ASM_MASM compiler is HP using "-V" did not match "HP C":
Microsoft (R) Macro Assembler (x64) Version 14.35.32216.1
Copyright (C) Microsoft Corporation.  All rights reserved.

MASM : warning A4018:invalid command-line option : -V
MASM : fatal error A1017:missing source filename
Checking whether the ASM_MASM compiler is Intel using "--version" did not match "(ICC)":
Microsoft (R) Macro Assembler (x64) Version 14.35.32216.1
Copyright (C) Microsoft Corporation.  All rights reserved.

MASM : warning A4018:invalid command-line option : --version
MASM : fatal error A1017:missing source filename
Checking whether the ASM_MASM compiler is IntelLLVM using "--version" did not match "(Intel[^
]+oneAPI)":
Microsoft (R) Macro Assembler (x64) Version 14.35.32216.1
Copyright (C) Microsoft Corporation.  All rights reserved.

MASM : warning A4018:invalid command-line option : --version
MASM : fatal error A1017:missing source filename
Checking whether the ASM_MASM compiler is SunPro using "-V" did not match "Sun C":
Microsoft (R) Macro Assembler (x64) Version 14.35.32216.1
Copyright (C) Microsoft Corporation.  All rights reserved.

MASM : warning A4018:invalid command-line option : -V
MASM : fatal error A1017:missing source filename
Checking whether the ASM_MASM compiler is XL using "-qversion" did not match "XL C":
Microsoft (R) Macro Assembler (x64) Version 14.35.32216.1
Copyright (C) Microsoft Corporation.  All rights reserved.

MASM : warning A4018:invalid command-line option : -qversion
MASM : fatal error A1017:missing source filename
